<?xml version="1.0" encoding="UTF-8"?>
<!-- Generated by org.testng.reporters.JUnitReportReporter -->
<testsuite hostname="Balachandar-LP126" failures="0" tests="1" name="Tests.LoginTest" time="0.001" errors="0" timestamp="2022-05-03T21:17:33 IST" skipped="1">
  <testcase classname="Tests.LoginTest" name="init" time="0.001">
    <skipped/>
  </testcase> <!-- init -->
  <system-out/>
</testsuite> <!-- Tests.LoginTest -->
